This file contains any messages produced by compilers while
running configure, to aid debugging if configure makes a mistake.

It was created by ps3sdk configure PS3SDK_VERSION, which was
generated by GNU Autoconf 2.63.  Invocation command line was

  $ configure 

## --------- ##
## Platform. ##
## --------- ##

hostname = EDI
uname -m = i686
uname -r = 1.0.11(0.46/3/2)
uname -s = MINGW32_NT-6.1
uname -v = 2009-07-11 17:46

/usr/bin/uname -p = unknown
/bin/uname -X     = unknown

/bin/arch              = unknown
/usr/bin/arch -k       = unknown
/usr/convex/getsysinfo = unknown
/usr/bin/hostinfo      = unknown
/bin/machine           = unknown
/usr/bin/oslevel       = unknown
/bin/universe          = unknown

PATH: /c/ps3dev/bin
PATH: /c/ps3dev/ppu/bin
PATH: /c/ps3dev/spu/bin
PATH: /c/ps3dev/MinGW/bin
PATH: /bin
PATH: .


## ----------- ##
## Core tests. ##
## ----------- ##

configure:1829: checking for ps3sdk version
configure:1848: result: 0.1
configure:1861: checking for ps3dev
configure:1876: result: C:\ps3dev
configure:1938: checking for a BSD-compatible install
configure:2006: result: /bin/install -c
configure:2017: checking whether build environment is sane
configure:2077: result: yes
configure:2218: checking for a thread-safe mkdir -p
configure:2257: result: /bin/mkdir -p
configure:2270: checking for gawk
configure:2286: found /bin/gawk
configure:2297: result: gawk
configure:2308: checking whether make sets $(MAKE)
configure:2330: result: yes
configure:2419: checking for ppu-gcc
configure:2435: found /c/ps3dev/ppu/bin/ppu-gcc
configure:2447: result: ppu-gcc
configure:2460: checking for ppu-g++
configure:2476: found /c/ps3dev/ppu/bin/ppu-g++
configure:2488: result: ppu-g++
configure:2501: checking for ppu-as
configure:2517: found /c/ps3dev/ppu/bin/ppu-as
configure:2529: result: ppu-as
configure:2542: checking for ppu-ld
configure:2558: found /c/ps3dev/ppu/bin/ppu-ld
configure:2570: result: ppu-ld
configure:2583: checking for ppu-ar
configure:2599: found /c/ps3dev/ppu/bin/ppu-ar
configure:2611: result: ppu-ar
configure:2624: checking for ppu-nm
configure:2640: found /c/ps3dev/ppu/bin/ppu-nm
configure:2652: result: ppu-nm
configure:2665: checking for ppu-ranlib
configure:2681: found /c/ps3dev/ppu/bin/ppu-ranlib
configure:2693: result: ppu-ranlib
configure:2751: checking for gcc
configure:2767: found /c/ps3dev/MinGW/bin/gcc
configure:2778: result: gcc
configure:3010: checking for C compiler version
configure:3018: gcc --version >&5
gcc.exe (GCC) 3.2.3 (mingw special 20030504-1)
Copyright (C) 2002 Free Software Foundation, Inc.
This is free software; see the source for copying conditions.  There is NO
warranty; not even for MERCHANTABILITY or FITNESS FOR A PARTICULAR PURPOSE.

configure:3022: $? = 0
configure:3029: gcc -v >&5
Reading specs from c:/ps3dev/MinGW/bin/../lib/gcc-lib/mingw32/3.2.3/specs
Configured with: ../gcc/configure --with-gcc --with-gnu-ld --with-gnu-as --host=mingw32 --target=mingw32 --prefix=/mingw --enable-threads --disable-nls --enable-languages=c++,f77,objc --disable-win32-registry --disable-shared --enable-sjlj-exceptions
Thread model: win32
gcc version 3.2.3 (mingw special 20030504-1)
configure:3033: $? = 0
configure:3040: gcc -V >&5
gcc.exe: argument to `-V' is missing
configure:3044: $? = 1
configure:3067: checking for C compiler default output file name
configure:3089: gcc    conftest.c  >&5
configure:3093: $? = 0
configure:3131: result: a.exe
configure:3150: checking whether the C compiler works
configure:3160: ./a.exe
configure:3164: $? = 0
configure:3183: result: yes
configure:3190: checking whether we are cross compiling
configure:3192: result: no
configure:3195: checking for suffix of executables
configure:3202: gcc -o conftest.exe    conftest.c  >&5
configure:3206: $? = 0
configure:3232: result: .exe
configure:3238: checking for suffix of object files
configure:3264: gcc -c   conftest.c >&5
configure:3268: $? = 0
configure:3293: result: o
configure:3297: checking whether we are using the GNU C compiler
configure:3326: gcc -c   conftest.c >&5
configure:3333: $? = 0
configure:3350: result: yes
configure:3359: checking whether gcc accepts -g
configure:3389: gcc -c -g  conftest.c >&5
configure:3396: $? = 0
configure:3497: result: yes
configure:3514: checking for gcc option to accept ISO C89
configure:3588: gcc  -c -g -O2  conftest.c >&5
configure:3595: $? = 0
configure:3618: result: none needed
configure:3647: checking for style of include used by make
configure:3675: result: GNU
configure:3700: checking dependency style of gcc
configure:3810: result: gcc3
configure:3883: checking for g++
configure:3899: found /c/ps3dev/MinGW/bin/g++
configure:3910: result: g++
configure:3937: checking for C++ compiler version
configure:3945: g++ --version >&5
g++.exe (GCC) 3.2.3 (mingw special 20030504-1)
Copyright (C) 2002 Free Software Foundation, Inc.
This is free software; see the source for copying conditions.  There is NO
warranty; not even for MERCHANTABILITY or FITNESS FOR A PARTICULAR PURPOSE.

configure:3949: $? = 0
configure:3956: g++ -v >&5
Reading specs from c:/ps3dev/MinGW/bin/../lib/gcc-lib/mingw32/3.2.3/specs
Configured with: ../gcc/configure --with-gcc --with-gnu-ld --with-gnu-as --host=mingw32 --target=mingw32 --prefix=/mingw --enable-threads --disable-nls --enable-languages=c++,f77,objc --disable-win32-registry --disable-shared --enable-sjlj-exceptions
Thread model: win32
gcc version 3.2.3 (mingw special 20030504-1)
configure:3960: $? = 0
configure:3967: g++ -V >&5
g++.exe: argument to `-V' missing

configure:3971: $? = 1
configure:3974: checking whether we are using the GNU C++ compiler
configure:4003: g++ -c   conftest.cpp >&5
configure:4010: $? = 0
configure:4027: result: yes
configure:4036: checking whether g++ accepts -g
configure:4066: g++ -c -g  conftest.cpp >&5
configure:4073: $? = 0
configure:4174: result: yes
configure:4199: checking dependency style of g++
configure:4309: result: gcc3
configure:4333: checking dependency style of gcc
configure:4441: result: gcc3
configure:4499: checking for ranlib
configure:4515: found /c/ps3dev/MinGW/bin/ranlib
configure:4526: result: ranlib
configure:4717: creating ./config.status

## ---------------------- ##
## Running config.status. ##
## ---------------------- ##

This file was extended by ps3sdk config.status PS3SDK_VERSION, which was
generated by GNU Autoconf 2.63.  Invocation command line was

  CONFIG_FILES    = 
  CONFIG_HEADERS  = 
  CONFIG_LINKS    = 
  CONFIG_COMMANDS = 
  $ ./config.status 

on EDI

config.status:800: creating Makefile
config.status:800: creating src/Makefile
config.status:800: creating src/base/Makefile
config.status:800: creating src/av/Makefile
config.status:800: creating src/console/Makefile
config.status:800: creating src/gpu/Makefile
config.status:800: creating src/hypervisor/Makefile
config.status:800: creating src/kernel/Makefile
config.status:800: creating src/network/Makefile
config.status:800: creating src/startup/Makefile
config.status:800: creating src/vuart/Makefile
config.status:800: creating src/newlib_glue/Makefile
config.status:800: creating src/posix/Makefile
config.status:800: creating src/lwip/Makefile
config.status:800: creating src/samples/Makefile
config.status:800: creating config.h
config.status:1074: executing depfiles commands

## ---------------- ##
## Cache variables. ##
## ---------------- ##

ac_cv_c_compiler_gnu=yes
ac_cv_cxx_compiler_gnu=yes
ac_cv_env_CCASFLAGS_set=
ac_cv_env_CCASFLAGS_value=
ac_cv_env_CCAS_set=
ac_cv_env_CCAS_value=
ac_cv_env_CCC_set=
ac_cv_env_CCC_value=
ac_cv_env_CC_set=
ac_cv_env_CC_value=
ac_cv_env_CFLAGS_set=
ac_cv_env_CFLAGS_value=
ac_cv_env_CPPFLAGS_set=
ac_cv_env_CPPFLAGS_value=
ac_cv_env_CXXFLAGS_set=
ac_cv_env_CXXFLAGS_value=
ac_cv_env_CXX_set=
ac_cv_env_CXX_value=
ac_cv_env_LDFLAGS_set=
ac_cv_env_LDFLAGS_value=
ac_cv_env_LIBS_set=
ac_cv_env_LIBS_value=
ac_cv_env_build_alias_set=
ac_cv_env_build_alias_value=
ac_cv_env_host_alias_set=
ac_cv_env_host_alias_value=
ac_cv_env_target_alias_set=
ac_cv_env_target_alias_value=
ac_cv_exeext=.exe
ac_cv_objext=o
ac_cv_path_install='/bin/install -c'
ac_cv_path_mkdir=/bin/mkdir
ac_cv_prog_AWK=gawk
ac_cv_prog_PPU_AR=ppu-ar
ac_cv_prog_PPU_AS=ppu-as
ac_cv_prog_PPU_CC=ppu-gcc
ac_cv_prog_PPU_CXX=ppu-g++
ac_cv_prog_PPU_LD=ppu-ld
ac_cv_prog_PPU_NM=ppu-nm
ac_cv_prog_PPU_RANLIB=ppu-ranlib
ac_cv_prog_ac_ct_CC=gcc
ac_cv_prog_ac_ct_CXX=g++
ac_cv_prog_ac_ct_RANLIB=ranlib
ac_cv_prog_cc_c89=
ac_cv_prog_cc_g=yes
ac_cv_prog_cxx_g=yes
ac_cv_prog_make_make_set=yes
am_cv_CCAS_dependencies_compiler_type=gcc3
am_cv_CC_dependencies_compiler_type=gcc3
am_cv_CXX_dependencies_compiler_type=gcc3

## ----------------- ##
## Output variables. ##
## ----------------- ##

ACLOCAL='${SHELL} /c/ps3dev/ps3sdksrc/missing --run aclocal-1.11'
AMDEPBACKSLASH='\'
AMDEP_FALSE='#'
AMDEP_TRUE=''
AMTAR='${SHELL} /c/ps3dev/ps3sdksrc/missing --run tar'
AUTOCONF='${SHELL} /c/ps3dev/ps3sdksrc/missing --run autoconf'
AUTOHEADER='${SHELL} /c/ps3dev/ps3sdksrc/missing --run autoheader'
AUTOMAKE='${SHELL} /c/ps3dev/ps3sdksrc/missing --run automake-1.11'
AWK='gawk'
CC='gcc'
CCAS='gcc'
CCASDEPMODE='depmode=gcc3'
CCASFLAGS='-g -O2'
CCDEPMODE='depmode=gcc3'
CFLAGS='-g -O2'
CPPFLAGS=''
CXX='g++'
CXXDEPMODE='depmode=gcc3'
CXXFLAGS='-g -O2'
CYGPATH_W='echo'
DEFS='-DHAVE_CONFIG_H'
DEPDIR='.deps'
ECHO_C=''
ECHO_N='-n'
ECHO_T=''
EXEEXT='.exe'
INSTALL_DATA='${INSTALL} -m 644'
INSTALL_PROGRAM='${INSTALL}'
INSTALL_SCRIPT='${INSTALL}'
INSTALL_STRIP_PROGRAM='$(install_sh) -c -s'
LDFLAGS=''
LIBOBJS=''
LIBS=''
LTLIBOBJS=''
MAKEINFO='${SHELL} /c/ps3dev/ps3sdksrc/missing --run makeinfo'
MKDIR_P='/bin/mkdir -p'
OBJEXT='o'
PACKAGE='ps3sdk'
PACKAGE_BUGREPORT=''
PACKAGE_NAME='ps3sdk'
PACKAGE_STRING='ps3sdk PS3SDK_VERSION'
PACKAGE_TARNAME='ps3sdk'
PACKAGE_VERSION='PS3SDK_VERSION'
PATH_SEPARATOR=':'
PPU_AR='ppu-ar'
PPU_AS='ppu-as'
PPU_CC='ppu-gcc'
PPU_CXX='ppu-g++'
PPU_LD='ppu-ld'
PPU_NM='ppu-nm'
PPU_RANLIB='ppu-ranlib'
PS3DEV='C:\ps3dev'
PS3DEV_INCLUDEDIR='C:\ps3dev/ppu/ppu/include'
PS3DEV_LIBDIR='C:\ps3dev/ppu/ppu/lib'
PS3SDK='C:\ps3dev/ps3sdk'
PS3SDK_CFLAGS='-g -O2 -G0 -Wall'
PS3SDK_CXXFLAGS='-g -O2 -G0 -Wall -fno-exceptions -fno-rtti'
PS3SDK_INCLUDEDIR='C:\ps3dev/ps3sdk/ppu/include'
PS3SDK_LIBDIR='C:\ps3dev/ps3sdk/ppu/lib'
RANLIB='ranlib'
SET_MAKE=''
SHELL='/bin/sh'
STRIP=''
VERSION='PS3SDK_VERSION'
ac_ct_CC='gcc'
ac_ct_CXX='g++'
am__EXEEXT_FALSE='#'
am__EXEEXT_TRUE=''
am__fastdepCCAS_FALSE='#'
am__fastdepCCAS_TRUE=''
am__fastdepCC_FALSE='#'
am__fastdepCC_TRUE=''
am__fastdepCXX_FALSE='#'
am__fastdepCXX_TRUE=''
am__include='include'
am__isrc=''
am__leading_dot='.'
am__quote=''
am__tar='${AMTAR} chof - "$$tardir"'
am__untar='${AMTAR} xf -'
bindir='${exec_prefix}/bin'
build_alias=''
datadir='${datarootdir}'
datarootdir='${prefix}/share'
docdir='${datarootdir}/doc/${PACKAGE_TARNAME}'
dvidir='${docdir}'
exec_prefix='${prefix}'
host_alias=''
htmldir='${docdir}'
includedir='${prefix}/include'
infodir='${datarootdir}/info'
install_sh='${SHELL} /c/ps3dev/ps3sdksrc/install-sh'
libdir='${exec_prefix}/lib'
libexecdir='${exec_prefix}/libexec'
localedir='${datarootdir}/locale'
localstatedir='${prefix}/var'
mandir='${datarootdir}/man'
mkdir_p='/bin/mkdir -p'
oldincludedir='/usr/include'
pdfdir='${docdir}'
prefix='C:\ps3dev'
program_transform_name='s,x,x,'
psdir='${docdir}'
sbindir='${exec_prefix}/sbin'
sharedstatedir='${prefix}/com'
sysconfdir='${prefix}/etc'
target_alias=''

## ----------- ##
## confdefs.h. ##
## ----------- ##

#define PACKAGE_NAME "ps3sdk"
#define PACKAGE_TARNAME "ps3sdk"
#define PACKAGE_VERSION "PS3SDK_VERSION"
#define PACKAGE_STRING "ps3sdk PS3SDK_VERSION"
#define PACKAGE_BUGREPORT ""
#define PACKAGE "ps3sdk"
#define VERSION "PS3SDK_VERSION"
#define PS3SDK_TOPDIR "ps3sdk"

configure: exit 0
